<?xml version="1.0" encoding="UTF-8"?>
<!-- Generated by org.testng.reporters.JUnitReportReporter -->
<testsuite hostname="Z3P4PUGAVS0081" failures="0" tests="1" name="TestCases.RegressionforCollabWebAppUI" time="28.461" errors="0" timestamp="2022-01-13T19:12:17 IST" skipped="0">
  <testcase classname="TestCases.RegressionforCollabWebAppUI" name="Perform_RegressionTesting_CollabWebApp" time="28.461"/>
  <system-out/>
</testsuite> <!-- TestCases.RegressionforCollabWebAppUI -->
