<?xml version="1.0" encoding="UTF-8"?>
<!-- Generated by org.testng.reporters.JUnitReportReporter -->
<testsuite hostname="Z3P4PUGAVS0081" failures="0" tests="1" name="TestCases.Postsnotloadedonfirstlaunch3794" time="26.695" errors="0" timestamp="2021-12-09T11:55:44 IST" skipped="0">
  <testcase classname="TestCases.Postsnotloadedonfirstlaunch3794" name="PostsnotloadedonfirstlaunchPC3794" time="26.695"/>
  <system-out/>
</testsuite> <!-- TestCases.Postsnotloadedonfirstlaunch3794 -->
