<?xml version="1.0" encoding="UTF-8"?>
<!-- Generated by org.testng.reporters.JUnitReportReporter -->
<testsuite hostname="Z3P4PUGAVS0081" failures="0" tests="1" name="TestCases.UIAdminToolsLoadingbasisUserPrivileges3731" time="21.307" errors="0" timestamp="2021-12-09T13:18:50 IST" skipped="0">
  <testcase classname="TestCases.UIAdminToolsLoadingbasisUserPrivileges3731" name="UIAdminToolsLoadingbasisUserPrivilegesPC3731" time="21.307"/>
  <system-out/>
</testsuite> <!-- TestCases.UIAdminToolsLoadingbasisUserPrivileges3731 -->
