<?xml version="1.0" encoding="UTF-8"?>
<!-- Generated by org.testng.reporters.JUnitReportReporter -->
<testsuite hostname="Z3P4PUGAVS0081" failures="0" tests="1" name="TestCases.RegressionforPremierConnectApplicationUI" time="49.498" errors="0" timestamp="2021-12-09T13:15:38 IST" skipped="0">
  <testcase classname="TestCases.RegressionforPremierConnectApplicationUI" name="Perform_RegressionTesting_PremierConnectApp" time="49.498"/>
  <system-out/>
</testsuite> <!-- TestCases.RegressionforPremierConnectApplicationUI -->
