<?xml version="1.0" encoding="UTF-8"?>
<!-- Generated by org.testng.reporters.JUnitReportReporter -->
<testsuite hostname="Z3P4PUGAVS0081" failures="0" tests="1" name="mobileappTestcase.UISignOut3569" time="338.848" errors="0" timestamp="2021-09-09T11:41:12 IST" skipped="0">
  <testcase classname="mobileappTestcase.UISignOut3569" name="UISignOutPC3569" time="338.848"/>
  <system-out/>
</testsuite> <!-- mobileappTestcase.UISignOut3569 -->
