<?xml version="1.0" encoding="UTF-8"?>
<!-- Generated by org.testng.reporters.JUnitReportReporter -->
<testsuite hostname="Z3P4PUGAVS0081" failures="0" tests="1" name="TestCases.UICommunitySettingPageDesign3350" time="10.788" errors="0" timestamp="2021-12-09T11:53:58 IST" skipped="0">
  <testcase classname="TestCases.UICommunitySettingPageDesign3350" name="UICommunitySettingPageDesignPC3350" time="10.788"/>
  <system-out/>
</testsuite> <!-- TestCases.UICommunitySettingPageDesign3350 -->
