<?xml version="1.0" encoding="UTF-8"?>
<!-- Generated by org.testng.reporters.JUnitReportReporter -->
<testsuite hostname="Z3P4PUGAVS0081" failures="0" tests="1" name="mobileappTestcase.Regressionformobileapp" time="674.452" errors="0" timestamp="2021-10-11T19:34:44 IST" skipped="0">
  <testcase classname="mobileappTestcase.Regressionformobileapp" name="RegressionTestingforMobileApp" time="674.452"/>
  <system-out/>
</testsuite> <!-- mobileappTestcase.Regressionformobileapp -->
