<?xml version="1.0" encoding="UTF-8"?>
<!-- Generated by org.testng.reporters.JUnitReportReporter -->
<testsuite hostname="Z3P4PUGAVS0081" failures="0" tests="1" name="mobileappTestcase.UITransitionfromSplashScreentoSignInSeamless3542" time="328.573" errors="0" timestamp="2021-10-20T11:59:04 IST" skipped="0">
  <testcase classname="mobileappTestcase.UITransitionfromSplashScreentoSignInSeamless3542" name="UITransitionfromSplashScreentoSignInSeamlessPC3542" time="328.573"/>
  <system-out/>
</testsuite> <!-- mobileappTestcase.UITransitionfromSplashScreentoSignInSeamless3542 -->
