<?xml version="1.0" encoding="UTF-8"?>
<!-- Generated by org.testng.reporters.JUnitReportReporter -->
<testsuite hostname="Z3P4PUGAVS0081" failures="0" tests="1" name="mobileappTestcase.UIHeaderScrollable3603" time="371.512" errors="0" timestamp="2021-09-01T16:06:46 IST" skipped="0">
  <testcase classname="mobileappTestcase.UIHeaderScrollable3603" name="UIHeaderScrollablePC3603" time="371.512"/>
  <system-out/>
</testsuite> <!-- mobileappTestcase.UIHeaderScrollable3603 -->
