<?xml version="1.0" encoding="UTF-8"?>
<!-- Generated by org.testng.reporters.JUnitReportReporter -->
<testsuite hostname="Z3P4PUGAVS0081" failures="0" tests="1" name="TestCases.UIUpdateGalleryIcontoNumber3735" time="28.525" errors="0" timestamp="2021-12-09T13:22:01 IST" skipped="0">
  <testcase classname="TestCases.UIUpdateGalleryIcontoNumber3735" name="UIUpdateGalleryIcontoNumberPC3735" time="28.525"/>
  <system-out/>
</testsuite> <!-- TestCases.UIUpdateGalleryIcontoNumber3735 -->
